<?xml version="1.0" encoding="UTF-8"?>
<!-- Generated by org.testng.reporters.JUnitReportReporter -->
<testsuite skipped="0" hostname="LAPTOP-D64JQOGG" name="tests.CreateAccountTest" tests="1" failures="0" timestamp="2021-06-20T19:43:36 CEST" time="12.895" errors="0">
  <testcase name="sigUpToMyAccount" time="12.895" classname="tests.CreateAccountTest"/>
  <system-out/>
</testsuite> <!-- tests.CreateAccountTest -->
