<?xml version="1.0" encoding="UTF-8"?>
<!-- Generated by org.testng.reporters.JUnitReportReporter -->
<testsuite skipped="0" hostname="LAPTOP-D64JQOGG" name="tests.LogInTests" tests="4" failures="0" timestamp="2021-06-20T19:45:45 CEST" time="50.415" errors="0">
  <testcase name="logInWithValidCredentials" time="12.252" classname="tests.LogInTests"/>
  <system-out/>
  <testcase name="logInWrongCredentials" time="8.166" classname="tests.LogInTests"/>
  <system-out/>
  <testcase name="logInEmptyCredentials" time="11.712" classname="tests.LogInTests"/>
  <system-out/>
  <testcase name="logOut" time="18.285" classname="tests.LogInTests"/>
  <system-out/>
</testsuite> <!-- tests.LogInTests -->
