<?xml version="1.0" encoding="UTF-8"?>
<!-- Generated by org.testng.reporters.JUnitReportReporter -->
<testsuite skipped="0" hostname="LAPTOP-D64JQOGG" name="tests.LogInTests" tests="4" failures="0" timestamp="2021-06-14T10:39:49 CEST" time="32.633" errors="0">
  <testcase name="logInWithValidCredentials" time="8.509" classname="tests.LogInTests"/>
  <system-out/>
  <testcase name="logInWrongCredentials" time="6.571" classname="tests.LogInTests"/>
  <system-out/>
  <testcase name="logInEmptyCredentials" time="6.916" classname="tests.LogInTests"/>
  <system-out/>
  <testcase name="logOut" time="10.637" classname="tests.LogInTests"/>
  <system-out/>
</testsuite> <!-- tests.LogInTests -->
