<?xml version="1.0" encoding="UTF-8"?>
<!-- Generated by org.testng.reporters.JUnitReportReporter -->
<testsuite skipped="0" hostname="LAPTOP-D64JQOGG" name="tests.MyPersonalInformationTest" tests="1" failures="0" timestamp="2021-06-20T19:56:13 CEST" time="18.662" errors="0">
  <testcase name="editPersonalInformation" time="18.662" classname="tests.MyPersonalInformationTest"/>
  <system-out/>
</testsuite> <!-- tests.MyPersonalInformationTest -->
