<?xml version="1.0" encoding="UTF-8"?>
<!-- Generated by org.testng.reporters.JUnitReportReporter -->
<testsuite skipped="0" hostname="LAPTOP-D64JQOGG" name="tests.MyAddressesTest" tests="3" failures="0" timestamp="2021-06-20T19:48:05 CEST" time="47.485" errors="0">
  <testcase name="addAddress" time="14.331" classname="tests.MyAddressesTest"/>
  <system-out/>
  <testcase name="updateAddress" time="17.202" classname="tests.MyAddressesTest"/>
  <system-out/>
  <testcase name="removeAddress" time="15.952" classname="tests.MyAddressesTest"/>
  <system-out/>
</testsuite> <!-- tests.MyAddressesTest -->
