<?xml version="1.0" encoding="UTF-8"?>
<!-- Generated by org.testng.reporters.JUnitReportReporter -->
<testsuite skipped="0" hostname="LAPTOP-D64JQOGG" name="tests.Proba" tests="1" failures="0" timestamp="2021-06-08T21:53:52 CEST" time="5.627" errors="0">
  <testcase name="test" time="5.627" classname="tests.Proba"/>
  <system-out/>
</testsuite> <!-- tests.Proba -->
